<?xml version="1.0" encoding="UTF-8"?>
<!-- Generated by org.testng.reporters.JUnitXMLReporter -->
<testsuite hostname="PAWARP01" name="Test" tests="4" failures="2" timestamp="5 Jul 2018 04:45:27 GMT" time="0.033" errors="0">
  <testcase name="closeBrowser" time="0.005" classname="com.test.DriverTest">
    <failure type="org.testng.TestNGException" message="
The data provider is trying to pass 2 parameters but the method com.test.DriverTest#closeBrowser takes 0">
      <![CDATA[org.testng.TestNGException: 
The data provider is trying to pass 2 parameters but the method com.test.DriverTest#closeBrowser takes 0
... Removed 18 stack frames]]>
    </failure>
  </testcase> <!-- closeBrowser -->
  <testcase name="f" time="0.002" classname="com.test.DriverTest"/>
  <testcase name="f" time="0.001" classname="com.test.DriverTest"/>
  <testcase name="launchBrowser" time="0.0" classname="com.test.DriverTest">
    <failure type="org.testng.TestNGException" message="
The data provider is trying to pass 2 parameters but the method com.test.DriverTest#launchBrowser takes 0">
      <![CDATA[org.testng.TestNGException: 
The data provider is trying to pass 2 parameters but the method com.test.DriverTest#launchBrowser takes 0
... Removed 18 stack frames]]>
    </failure>
  </testcase> <!-- launchBrowser -->
</testsuite> <!-- Test -->
