<?xml version="1.0" encoding="UTF-8"?>
<!-- Generated by org.testng.reporters.JUnitXMLReporter -->
<testsuite hostname="Prashants-MacBook-Air.local" name="Test" tests="2" failures="1" timestamp="3 Jul 2018 05:21:56 GMT" time="1.72" errors="0">
  <testcase name="closeBrowser" time="0.011" classname="com.test.DriverTest">
    <failure type="java.lang.NullPointerException">
      <![CDATA[java.lang.NullPointerException
	at com.framework.Driver.closeBrowser(Driver.java:33)
	at com.test.DriverTest.closeBrowser(DriverTest.java:86)
... Removed 24 stack frames]]>
    </failure>
  </testcase> <!-- closeBrowser -->
  <testcase name="launchBrowser" time="1.683" classname="com.test.DriverTest"/>
</testsuite> <!-- Test -->
